<?xml version="1.0" encoding="UTF-8"?>
<testng-results ignored="0" total="2" passed="2" failed="0" skipped="0">
  <reporter-output>
  </reporter-output>
  <suite started-at="2022-09-07T18:22:05 IST" name="Default suite" finished-at="2022-09-07T18:22:41 IST" duration-ms="35969">
    <groups>
    </groups>
    <test started-at="2022-09-07T18:22:05 IST" name="Default test" finished-at="2022-09-07T18:22:41 IST" duration-ms="35969">
      <class name="UsingGenericutility.EndToEndTestCase">
        <test-method is-config="true" signature="dbConfig()[pri:0, instance:UsingGenericutility.EndToEndTestCase@71ba6d4e]" started-at="2022-09-07T18:22:04 IST" name="dbConfig" finished-at="2022-09-07T18:22:05 IST" duration-ms="1065" status="PASS">
          <reporter-output>
          </reporter-output>
        </test-method> <!-- dbConfig -->
        <test-method signature="created()[pri:0, instance:UsingGenericutility.EndToEndTestCase@71ba6d4e]" started-at="2022-09-07T18:22:05 IST" name="created" finished-at="2022-09-07T18:22:31 IST" duration-ms="25915" status="PASS">
          <reporter-output>
          </reporter-output>
        </test-method> <!-- created -->
        <test-method signature="deleted()[pri:0, instance:UsingGenericutility.EndToEndTestCase@71ba6d4e]" started-at="2022-09-07T18:22:31 IST" name="deleted" finished-at="2022-09-07T18:22:41 IST" duration-ms="9929" status="PASS">
          <reporter-output>
          </reporter-output>
        </test-method> <!-- deleted -->
        <test-method is-config="true" signature="closeDBconfig()[pri:0, instance:UsingGenericutility.EndToEndTestCase@71ba6d4e]" started-at="2022-09-07T18:22:41 IST" name="closeDBconfig" finished-at="2022-09-07T18:22:41 IST" duration-ms="12" status="PASS">
          <reporter-output>
          </reporter-output>
        </test-method> <!-- closeDBconfig -->
      </class> <!-- UsingGenericutility.EndToEndTestCase -->
    </test> <!-- Default test -->
  </suite> <!-- Default suite -->
</testng-results>
